2025-07-30T00:08:56.568+08:00  WARN 19116 --- [main] c.a.nacos.client.logging.NacosLogging    : Load Logback Configuration of Nacos fail, message: Could not initialize Logback Nacos logging from classpath:nacos-logback.xml
2025-07-30T00:08:56.624+08:00  WARN 19116 --- [main] c.a.nacos.client.logging.NacosLogging    : Load Logback Configuration of Nacos fail, message: Could not initialize Logback Nacos logging from classpath:nacos-logback.xml
2025-07-30T00:08:56.633+08:00  INFO 19116 --- [main] spring.cloud.BlogServiceApplication      : Starting BlogServiceApplication using Java 17 with PID 19116 (D:\Java\spring-cloud\spring-cloud\blog-info\blog-info-service\target\classes started by 姚东名 in D:\Java\spring-cloud\spring-cloud)
2025-07-30T00:08:56.634+08:00  INFO 19116 --- [main] spring.cloud.BlogServiceApplication      : No active profile set, falling back to 1 default profile: "default"
2025-07-30T00:08:57.169+08:00  INFO 19116 --- [main] o.s.cloud.context.scope.GenericScope     : BeanFactory id=86a2aa90-6d2a-3482-bd27-14dd1c70bf1d
2025-07-30T00:08:57.422+08:00  INFO 19116 --- [main] o.s.b.w.embedded.tomcat.TomcatWebServer  : Tomcat initialized with port(s): 9090 (http)
2025-07-30T00:08:57.423+08:00  INFO 19116 --- [main] o.a.catalina.core.AprLifecycleListener   : Loaded Apache Tomcat Native library [2.0.8] using APR version [1.7.4].
2025-07-30T00:08:57.425+08:00  INFO 19116 --- [main] o.a.catalina.core.AprLifecycleListener   : OpenSSL successfully initialized [OpenSSL 3.0.14 4 Jun 2024]
2025-07-30T00:08:57.432+08:00  INFO 19116 --- [main] o.apache.catalina.core.StandardService   : Starting service [Tomcat]
2025-07-30T00:08:57.432+08:00  INFO 19116 --- [main] o.apache.catalina.core.StandardEngine    : Starting Servlet engine: [Apache Tomcat/10.1.16]
2025-07-30T00:08:57.493+08:00  INFO 19116 --- [main] o.a.c.c.C.[Tomcat].[localhost].[/]       : Initializing Spring embedded WebApplicationContext
2025-07-30T00:08:57.493+08:00  INFO 19116 --- [main] w.s.c.ServletWebServerApplicationContext : Root WebApplicationContext: initialization completed in 829 ms
2025-07-30T00:08:58.112+08:00  WARN 19116 --- [main] iguration$LoadBalancerCaffeineWarnLogger : Spring Cloud LoadBalancer is currently working with the default cache. While this cache implementation is useful for development and tests, it's recommended to use Caffeine cache in production.You can switch to using Caffeine cache, by adding it and org.springframework.cache.caffeine.CaffeineCacheManager to the classpath.
2025-07-30T00:08:58.145+08:00  INFO 19116 --- [main] o.s.b.w.embedded.tomcat.TomcatWebServer  : Tomcat started on port(s): 9090 (http) with context path ''
2025-07-30T00:08:58.150+08:00  WARN 19116 --- [main] c.a.nacos.client.logging.NacosLogging    : Load Logback Configuration of Nacos fail, message: Could not initialize Logback Nacos logging from classpath:nacos-logback.xml
2025-07-30T00:08:58.150+08:00  INFO 19116 --- [main] com.alibaba.nacos.client.naming          : initializer namespace from ans.namespace attribute : null
2025-07-30T00:08:58.151+08:00  INFO 19116 --- [main] com.alibaba.nacos.client.naming          : initializer namespace from ALIBABA_ALIWARE_NAMESPACE attribute :null
2025-07-30T00:08:58.151+08:00  INFO 19116 --- [main] com.alibaba.nacos.client.naming          : initializer namespace from namespace attribute :null
2025-07-30T00:08:58.165+08:00  INFO 19116 --- [main] c.alibaba.nacos.client.utils.ParamUtil   : [settings] [req-serv] nacos-server port:8848
2025-07-30T00:08:58.166+08:00  INFO 19116 --- [main] c.alibaba.nacos.client.utils.ParamUtil   : [settings] [http-client] connect timeout:1000
2025-07-30T00:08:58.166+08:00  INFO 19116 --- [main] c.alibaba.nacos.client.utils.ParamUtil   : PER_TASK_CONFIG_SIZE: 3000.0
2025-07-30T00:08:58.169+08:00  INFO 19116 --- [main] c.a.n.p.a.s.c.ClientAuthPluginManager    : [ClientAuthPluginManager] Load ClientAuthService com.alibaba.nacos.client.auth.impl.NacosClientAuthServiceImpl success.
2025-07-30T00:08:58.170+08:00  INFO 19116 --- [main] c.a.n.p.a.s.c.ClientAuthPluginManager    : [ClientAuthPluginManager] Load ClientAuthService com.alibaba.nacos.client.auth.ram.RamClientAuthServiceImpl success.
2025-07-30T00:08:58.171+08:00  INFO 19116 --- [main] c.a.n.c.a.r.identify.CredentialWatcher   : null No credential found
2025-07-30T00:08:58.177+08:00  INFO 19116 --- [main] com.alibaba.nacos.common.remote.client   : [RpcClientFactory] create a new rpc client of 42ba9537-a4fd-4801-9aa1-f01c87bff1e7
2025-07-30T00:08:58.188+08:00  INFO 19116 --- [main] com.alibaba.nacos.common.remote.client   : [42ba9537-a4fd-4801-9aa1-f01c87bff1e7] RpcClient init, ServerListFactory = com.alibaba.nacos.client.naming.core.ServerListManager
2025-07-30T00:08:58.188+08:00  INFO 19116 --- [main] com.alibaba.nacos.common.remote.client   : [42ba9537-a4fd-4801-9aa1-f01c87bff1e7] Registry connection listener to current client:com.alibaba.nacos.client.naming.remote.gprc.redo.NamingGrpcRedoService
2025-07-30T00:08:58.188+08:00  INFO 19116 --- [main] com.alibaba.nacos.common.remote.client   : [42ba9537-a4fd-4801-9aa1-f01c87bff1e7] Register server push request handler:com.alibaba.nacos.client.naming.remote.gprc.NamingPushRequestHandler
2025-07-30T00:08:58.190+08:00  INFO 19116 --- [main] com.alibaba.nacos.common.remote.client   : [42ba9537-a4fd-4801-9aa1-f01c87bff1e7] Try to connect to server on start up, server: {serverIp = '117.72.211.70', server main port = 8848}
2025-07-30T00:08:58.208+08:00  INFO 19116 --- [main] c.a.n.c.remote.client.grpc.GrpcClient    : grpc client connection server:117.72.211.70 ip,serverPort:9848,grpcTslConfig:{"sslProvider":"OPENSSL","enableTls":false,"mutualAuthEnable":false,"trustAll":false}
2025-07-30T00:08:59.019+08:00  INFO 19116 --- [main] com.alibaba.nacos.common.remote.client   : [42ba9537-a4fd-4801-9aa1-f01c87bff1e7] Success to connect to server [117.72.211.70:8848] on start up, connectionId = 1753805338589_223.104.72.155_10361
2025-07-30T00:08:59.020+08:00  INFO 19116 --- [com.alibaba.nacos.client.remote.worker] com.alibaba.nacos.common.remote.client   : [42ba9537-a4fd-4801-9aa1-f01c87bff1e7] Notify connected event to listeners.
2025-07-30T00:08:59.021+08:00  INFO 19116 --- [com.alibaba.nacos.client.remote.worker] com.alibaba.nacos.client.naming          : Grpc connection connect
2025-07-30T00:08:59.022+08:00  INFO 19116 --- [main] com.alibaba.nacos.common.remote.client   : [42ba9537-a4fd-4801-9aa1-f01c87bff1e7] Register server push request handler:com.alibaba.nacos.common.remote.client.RpcClient$ConnectResetRequestHandler
2025-07-30T00:08:59.023+08:00  INFO 19116 --- [main] com.alibaba.nacos.common.remote.client   : [42ba9537-a4fd-4801-9aa1-f01c87bff1e7] Register server push request handler:com.alibaba.nacos.common.remote.client.RpcClient$$Lambda$1020/0x000000080130df90
2025-07-30T00:08:59.023+08:00  INFO 19116 --- [main] com.alibaba.nacos.client.naming          : [REGISTER-SERVICE] public registering service blog-service with instance Instance{instanceId='null', ip='192.168.183.247', port=9090, weight=1.0, healthy=true, enabled=true, ephemeral=true, clusterName='DEFAULT', serviceName='null', metadata={IPv6=[2409:895a:70b0:84f:fff2:5d21:a191:2a0d], preserved.register.source=SPRING_CLOUD}}
2025-07-30T00:08:59.125+08:00  INFO 19116 --- [main] c.a.c.n.registry.NacosServiceRegistry    : nacos registry, DEFAULT_GROUP blog-service 192.168.183.247:9090 register finished
2025-07-30T00:08:59.202+08:00  INFO 19116 --- [main] spring.cloud.BlogServiceApplication      : Started BlogServiceApplication in 3.045 seconds (process running for 3.502)
2025-07-30T00:11:30.909+08:00  INFO 19116 --- [http-nio-9090-exec-1] o.a.c.c.C.[Tomcat].[localhost].[/]       : Initializing Spring DispatcherServlet 'dispatcherServlet'
2025-07-30T00:11:30.910+08:00  INFO 19116 --- [http-nio-9090-exec-1] o.s.web.servlet.DispatcherServlet        : Initializing Servlet 'dispatcherServlet'
2025-07-30T00:11:30.911+08:00  INFO 19116 --- [http-nio-9090-exec-1] o.s.web.servlet.DispatcherServlet        : Completed initialization in 1 ms
2025-07-30T00:11:30.953+08:00  INFO 19116 --- [http-nio-9090-exec-1] spring.cloud.controller.BlogController   : getBlogDetail, blogId: 1
2025-07-30T00:11:31.147+08:00  INFO 19116 --- [http-nio-9090-exec-1] com.zaxxer.hikari.HikariDataSource       : HikariPool-1 - Starting...
2025-07-30T00:11:31.438+08:00  INFO 19116 --- [http-nio-9090-exec-1] com.zaxxer.hikari.pool.HikariPool        : HikariPool-1 - Added connection com.mysql.cj.jdbc.ConnectionImpl@3d9b7106
2025-07-30T00:11:31.441+08:00  INFO 19116 --- [http-nio-9090-exec-1] com.zaxxer.hikari.HikariDataSource       : HikariPool-1 - Start completed.
2025-07-30T00:23:25.737+08:00  INFO 19116 --- [http-nio-9090-exec-3] spring.cloud.controller.BlogController   : getBlogDetail, blogId: 1
2025-07-30T00:28:21.988+08:00  WARN 19116 --- [Thread-4] c.a.nacos.common.notify.NotifyCenter     : [NotifyCenter] Start destroying Publisher
2025-07-30T00:28:21.988+08:00  WARN 19116 --- [Thread-7] c.a.n.common.http.HttpClientBeanHolder   : [HttpClientBeanHolder] Start destroying common HttpClient
2025-07-30T00:28:21.989+08:00  WARN 19116 --- [Thread-4] c.a.nacos.common.notify.NotifyCenter     : [NotifyCenter] Destruction of the end
2025-07-30T00:28:21.989+08:00  WARN 19116 --- [Thread-7] c.a.n.common.http.HttpClientBeanHolder   : [HttpClientBeanHolder] Destruction of the end
2025-07-30T00:28:22.005+08:00  INFO 19116 --- [SpringApplicationShutdownHook] c.a.c.n.registry.NacosServiceRegistry    : De-registering from Nacos Server now...
2025-07-30T00:28:22.005+08:00  INFO 19116 --- [SpringApplicationShutdownHook] com.alibaba.nacos.client.naming          : [DEREGISTER-SERVICE] public deregistering service blog-service with instance: Instance{instanceId='null', ip='192.168.183.247', port=9090, weight=1.0, healthy=true, enabled=true, ephemeral=true, clusterName='DEFAULT', serviceName='null', metadata={}}
2025-07-30T00:28:22.107+08:00  INFO 19116 --- [SpringApplicationShutdownHook] c.a.c.n.registry.NacosServiceRegistry    : De-registration finished.
2025-07-30T00:28:22.107+08:00  INFO 19116 --- [SpringApplicationShutdownHook] com.alibaba.nacos.client.naming          : com.alibaba.nacos.client.naming.cache.ServiceInfoHolder do shutdown begin
2025-07-30T00:28:22.107+08:00  INFO 19116 --- [SpringApplicationShutdownHook] com.alibaba.nacos.client.naming          : com.alibaba.nacos.client.naming.backups.FailoverReactor do shutdown begin
2025-07-30T00:28:22.107+08:00  INFO 19116 --- [SpringApplicationShutdownHook] com.alibaba.nacos.client.naming          : com.alibaba.nacos.client.naming.backups.FailoverReactor do shutdown stop
2025-07-30T00:28:22.107+08:00  INFO 19116 --- [SpringApplicationShutdownHook] com.alibaba.nacos.client.naming          : com.alibaba.nacos.client.naming.cache.ServiceInfoHolder do shutdown stop
2025-07-30T00:28:22.107+08:00  INFO 19116 --- [SpringApplicationShutdownHook] com.alibaba.nacos.client.naming          : com.alibaba.nacos.client.naming.remote.NamingClientProxyDelegate do shutdown begin
2025-07-30T00:28:22.107+08:00  INFO 19116 --- [SpringApplicationShutdownHook] com.alibaba.nacos.client.naming          : com.alibaba.nacos.client.naming.core.ServiceInfoUpdateService do shutdown begin
2025-07-30T00:28:22.107+08:00  INFO 19116 --- [SpringApplicationShutdownHook] com.alibaba.nacos.client.naming          : com.alibaba.nacos.client.naming.core.ServiceInfoUpdateService do shutdown stop
2025-07-30T00:28:22.107+08:00  INFO 19116 --- [SpringApplicationShutdownHook] com.alibaba.nacos.client.naming          : com.alibaba.nacos.client.naming.core.ServerListManager do shutdown begin
2025-07-30T00:28:22.108+08:00  WARN 19116 --- [SpringApplicationShutdownHook] com.alibaba.nacos.client.naming          : [NamingHttpClientManager] Start destroying NacosRestTemplate
2025-07-30T00:28:22.108+08:00  WARN 19116 --- [SpringApplicationShutdownHook] com.alibaba.nacos.client.naming          : [NamingHttpClientManager] Destruction of the end
2025-07-30T00:28:22.108+08:00  INFO 19116 --- [SpringApplicationShutdownHook] com.alibaba.nacos.client.naming          : com.alibaba.nacos.client.naming.core.ServerListManager do shutdown stop
2025-07-30T00:28:22.108+08:00  INFO 19116 --- [SpringApplicationShutdownHook] com.alibaba.nacos.client.naming          : com.alibaba.nacos.client.naming.remote.http.NamingHttpClientProxy do shutdown begin
2025-07-30T00:28:22.108+08:00  WARN 19116 --- [SpringApplicationShutdownHook] com.alibaba.nacos.client.naming          : [NamingHttpClientManager] Start destroying NacosRestTemplate
2025-07-30T00:28:22.108+08:00  WARN 19116 --- [SpringApplicationShutdownHook] com.alibaba.nacos.client.naming          : [NamingHttpClientManager] Destruction of the end
2025-07-30T00:28:22.108+08:00  INFO 19116 --- [SpringApplicationShutdownHook] com.alibaba.nacos.client.naming          : com.alibaba.nacos.client.naming.remote.http.NamingHttpClientProxy do shutdown stop
2025-07-30T00:28:22.108+08:00  INFO 19116 --- [SpringApplicationShutdownHook] com.alibaba.nacos.common.remote.client   : Shutdown rpc client, set status to shutdown
2025-07-30T00:28:22.108+08:00  INFO 19116 --- [SpringApplicationShutdownHook] com.alibaba.nacos.common.remote.client   : Shutdown client event executor java.util.concurrent.ScheduledThreadPoolExecutor@1ffa1dcd[Running, pool size = 2, active threads = 2, queued tasks = 0, completed tasks = 0]
2025-07-30T00:28:22.108+08:00  INFO 19116 --- [SpringApplicationShutdownHook] com.alibaba.nacos.common.remote.client   : Close current connection 1753805338589_223.104.72.155_10361
2025-07-30T00:28:22.112+08:00  WARN 19116 --- [nacos-grpc-client-executor-117.72.211.70-244] c.a.n.c.remote.client.grpc.GrpcClient    : [1753805338589_223.104.72.155_10361]Ignore error event,isRunning:false,isAbandon=false
2025-07-30T00:28:22.113+08:00  INFO 19116 --- [SpringApplicationShutdownHook] c.a.n.c.remote.client.grpc.GrpcClient    : Shutdown grpc executor java.util.concurrent.ThreadPoolExecutor@7685ce32[Running, pool size = 4, active threads = 0, queued tasks = 0, completed tasks = 245]
2025-07-30T00:28:22.114+08:00  INFO 19116 --- [SpringApplicationShutdownHook] com.alibaba.nacos.client.naming          : Shutdown grpc redo service executor java.util.concurrent.ScheduledThreadPoolExecutor@e337d65[Running, pool size = 1, active threads = 0, queued tasks = 1, completed tasks = 386]
2025-07-30T00:28:22.114+08:00  INFO 19116 --- [SpringApplicationShutdownHook] c.a.n.c.a.r.identify.CredentialWatcher   : [null] CredentialWatcher is stopped
2025-07-30T00:28:22.114+08:00  INFO 19116 --- [SpringApplicationShutdownHook] c.a.n.c.a.r.identify.CredentialService   : [null] CredentialService is freed
2025-07-30T00:28:22.114+08:00  INFO 19116 --- [SpringApplicationShutdownHook] com.alibaba.nacos.client.naming          : com.alibaba.nacos.client.naming.remote.NamingClientProxyDelegate do shutdown stop
2025-07-30T00:28:22.115+08:00  INFO 19116 --- [SpringApplicationShutdownHook] com.zaxxer.hikari.HikariDataSource       : HikariPool-1 - Shutdown initiated...
2025-07-30T00:28:22.120+08:00  INFO 19116 --- [SpringApplicationShutdownHook] com.zaxxer.hikari.HikariDataSource       : HikariPool-1 - Shutdown completed.
2025-07-30T12:25:45.196+08:00  WARN 20424 --- [main] c.a.nacos.client.logging.NacosLogging    : Load Logback Configuration of Nacos fail, message: Could not initialize Logback Nacos logging from classpath:nacos-logback.xml
2025-07-30T12:25:45.242+08:00  WARN 20424 --- [main] c.a.nacos.client.logging.NacosLogging    : Load Logback Configuration of Nacos fail, message: Could not initialize Logback Nacos logging from classpath:nacos-logback.xml
2025-07-30T12:25:45.249+08:00  INFO 20424 --- [main] spring.cloud.BlogServiceApplication      : Starting BlogServiceApplication using Java 17 with PID 20424 (D:\Java\spring-cloud\spring-cloud\blog-info\blog-info-service\target\classes started by 姚东名 in D:\Java\spring-cloud\spring-cloud)
2025-07-30T12:25:45.250+08:00  INFO 20424 --- [main] spring.cloud.BlogServiceApplication      : No active profile set, falling back to 1 default profile: "default"
2025-07-30T12:25:46.053+08:00  INFO 20424 --- [main] o.s.cloud.context.scope.GenericScope     : BeanFactory id=86a2aa90-6d2a-3482-bd27-14dd1c70bf1d
2025-07-30T12:25:46.527+08:00  INFO 20424 --- [main] o.s.b.w.embedded.tomcat.TomcatWebServer  : Tomcat initialized with port(s): 9090 (http)
2025-07-30T12:25:46.528+08:00  INFO 20424 --- [main] o.a.catalina.core.AprLifecycleListener   : Loaded Apache Tomcat Native library [2.0.8] using APR version [1.7.4].
2025-07-30T12:25:46.546+08:00  INFO 20424 --- [main] o.a.catalina.core.AprLifecycleListener   : OpenSSL successfully initialized [OpenSSL 3.0.14 4 Jun 2024]
2025-07-30T12:25:46.555+08:00  INFO 20424 --- [main] o.apache.catalina.core.StandardService   : Starting service [Tomcat]
2025-07-30T12:25:46.555+08:00  INFO 20424 --- [main] o.apache.catalina.core.StandardEngine    : Starting Servlet engine: [Apache Tomcat/10.1.16]
2025-07-30T12:25:46.629+08:00  INFO 20424 --- [main] o.a.c.c.C.[Tomcat].[localhost].[/]       : Initializing Spring embedded WebApplicationContext
2025-07-30T12:25:46.629+08:00  INFO 20424 --- [main] w.s.c.ServletWebServerApplicationContext : Root WebApplicationContext: initialization completed in 1348 ms
2025-07-30T12:25:47.444+08:00  WARN 20424 --- [main] iguration$LoadBalancerCaffeineWarnLogger : Spring Cloud LoadBalancer is currently working with the default cache. While this cache implementation is useful for development and tests, it's recommended to use Caffeine cache in production.You can switch to using Caffeine cache, by adding it and org.springframework.cache.caffeine.CaffeineCacheManager to the classpath.
2025-07-30T12:25:47.486+08:00  INFO 20424 --- [main] o.s.b.w.embedded.tomcat.TomcatWebServer  : Tomcat started on port(s): 9090 (http) with context path ''
2025-07-30T12:25:47.490+08:00  WARN 20424 --- [main] c.a.nacos.client.logging.NacosLogging    : Load Logback Configuration of Nacos fail, message: Could not initialize Logback Nacos logging from classpath:nacos-logback.xml
2025-07-30T12:25:47.490+08:00  INFO 20424 --- [main] com.alibaba.nacos.client.naming          : initializer namespace from ans.namespace attribute : null
2025-07-30T12:25:47.491+08:00  INFO 20424 --- [main] com.alibaba.nacos.client.naming          : initializer namespace from ALIBABA_ALIWARE_NAMESPACE attribute :null
2025-07-30T12:25:47.491+08:00  INFO 20424 --- [main] com.alibaba.nacos.client.naming          : initializer namespace from namespace attribute :null
2025-07-30T12:25:47.507+08:00  INFO 20424 --- [main] c.alibaba.nacos.client.utils.ParamUtil   : [settings] [req-serv] nacos-server port:8848
2025-07-30T12:25:47.507+08:00  INFO 20424 --- [main] c.alibaba.nacos.client.utils.ParamUtil   : [settings] [http-client] connect timeout:1000
2025-07-30T12:25:47.507+08:00  INFO 20424 --- [main] c.alibaba.nacos.client.utils.ParamUtil   : PER_TASK_CONFIG_SIZE: 3000.0
2025-07-30T12:25:47.511+08:00  INFO 20424 --- [main] c.a.n.p.a.s.c.ClientAuthPluginManager    : [ClientAuthPluginManager] Load ClientAuthService com.alibaba.nacos.client.auth.impl.NacosClientAuthServiceImpl success.
2025-07-30T12:25:47.512+08:00  INFO 20424 --- [main] c.a.n.p.a.s.c.ClientAuthPluginManager    : [ClientAuthPluginManager] Load ClientAuthService com.alibaba.nacos.client.auth.ram.RamClientAuthServiceImpl success.
2025-07-30T12:25:47.513+08:00  INFO 20424 --- [main] c.a.n.c.a.r.identify.CredentialWatcher   : null No credential found
2025-07-30T12:25:47.520+08:00  INFO 20424 --- [main] com.alibaba.nacos.common.remote.client   : [RpcClientFactory] create a new rpc client of 407ffc29-d1f3-422e-a0be-1d08e4b25405
2025-07-30T12:25:47.532+08:00  INFO 20424 --- [main] com.alibaba.nacos.common.remote.client   : [407ffc29-d1f3-422e-a0be-1d08e4b25405] RpcClient init, ServerListFactory = com.alibaba.nacos.client.naming.core.ServerListManager
2025-07-30T12:25:47.532+08:00  INFO 20424 --- [main] com.alibaba.nacos.common.remote.client   : [407ffc29-d1f3-422e-a0be-1d08e4b25405] Registry connection listener to current client:com.alibaba.nacos.client.naming.remote.gprc.redo.NamingGrpcRedoService
2025-07-30T12:25:47.533+08:00  INFO 20424 --- [main] com.alibaba.nacos.common.remote.client   : [407ffc29-d1f3-422e-a0be-1d08e4b25405] Register server push request handler:com.alibaba.nacos.client.naming.remote.gprc.NamingPushRequestHandler
2025-07-30T12:25:47.534+08:00  INFO 20424 --- [main] com.alibaba.nacos.common.remote.client   : [407ffc29-d1f3-422e-a0be-1d08e4b25405] Try to connect to server on start up, server: {serverIp = '117.72.211.70', server main port = 8848}
2025-07-30T12:25:47.555+08:00  INFO 20424 --- [main] c.a.n.c.remote.client.grpc.GrpcClient    : grpc client connection server:117.72.211.70 ip,serverPort:9848,grpcTslConfig:{"sslProvider":"OPENSSL","enableTls":false,"mutualAuthEnable":false,"trustAll":false}
2025-07-30T12:25:49.438+08:00  INFO 20424 --- [main] com.alibaba.nacos.common.remote.client   : [407ffc29-d1f3-422e-a0be-1d08e4b25405] Success to connect to server [117.72.211.70:8848] on start up, connectionId = 1753849548438_223.104.72.155_1959
2025-07-30T12:25:49.439+08:00  INFO 20424 --- [com.alibaba.nacos.client.remote.worker] com.alibaba.nacos.common.remote.client   : [407ffc29-d1f3-422e-a0be-1d08e4b25405] Notify connected event to listeners.
2025-07-30T12:25:49.439+08:00  INFO 20424 --- [main] com.alibaba.nacos.common.remote.client   : [407ffc29-d1f3-422e-a0be-1d08e4b25405] Register server push request handler:com.alibaba.nacos.common.remote.client.RpcClient$ConnectResetRequestHandler
2025-07-30T12:25:49.439+08:00  INFO 20424 --- [com.alibaba.nacos.client.remote.worker] com.alibaba.nacos.client.naming          : Grpc connection connect
2025-07-30T12:25:49.440+08:00  INFO 20424 --- [main] com.alibaba.nacos.common.remote.client   : [407ffc29-d1f3-422e-a0be-1d08e4b25405] Register server push request handler:com.alibaba.nacos.common.remote.client.RpcClient$$Lambda$1021/0x000000080130dae0
2025-07-30T12:25:49.442+08:00  INFO 20424 --- [main] com.alibaba.nacos.client.naming          : [REGISTER-SERVICE] public registering service blog-service with instance Instance{instanceId='null', ip='192.168.183.247', port=9090, weight=1.0, healthy=true, enabled=true, ephemeral=true, clusterName='DEFAULT', serviceName='null', metadata={IPv6=[2409:895a:70b0:84f:fff2:5d21:a191:2a0d], preserved.register.source=SPRING_CLOUD}}
2025-07-30T12:25:49.719+08:00  INFO 20424 --- [main] c.a.c.n.registry.NacosServiceRegistry    : nacos registry, DEFAULT_GROUP blog-service 192.168.183.247:9090 register finished
2025-07-30T12:25:49.790+08:00  INFO 20424 --- [main] spring.cloud.BlogServiceApplication      : Started BlogServiceApplication in 5.052 seconds (process running for 8.504)
2025-07-30T13:26:23.070+08:00  WARN 20424 --- [Thread-7] c.a.n.common.http.HttpClientBeanHolder   : [HttpClientBeanHolder] Start destroying common HttpClient
2025-07-30T13:26:23.069+08:00  WARN 20424 --- [Thread-4] c.a.nacos.common.notify.NotifyCenter     : [NotifyCenter] Start destroying Publisher
2025-07-30T13:26:23.073+08:00  WARN 20424 --- [Thread-4] c.a.nacos.common.notify.NotifyCenter     : [NotifyCenter] Destruction of the end
2025-07-30T13:26:23.077+08:00  WARN 20424 --- [Thread-7] c.a.n.common.http.HttpClientBeanHolder   : [HttpClientBeanHolder] Destruction of the end
2025-07-30T13:26:23.179+08:00  INFO 20424 --- [SpringApplicationShutdownHook] c.a.c.n.registry.NacosServiceRegistry    : De-registering from Nacos Server now...
2025-07-30T13:26:23.180+08:00  INFO 20424 --- [SpringApplicationShutdownHook] com.alibaba.nacos.client.naming          : [DEREGISTER-SERVICE] public deregistering service blog-service with instance: Instance{instanceId='null', ip='192.168.183.247', port=9090, weight=1.0, healthy=true, enabled=true, ephemeral=true, clusterName='DEFAULT', serviceName='null', metadata={}}
2025-07-30T13:26:23.292+08:00  INFO 20424 --- [SpringApplicationShutdownHook] c.a.c.n.registry.NacosServiceRegistry    : De-registration finished.
2025-07-30T13:26:23.293+08:00  INFO 20424 --- [SpringApplicationShutdownHook] com.alibaba.nacos.client.naming          : com.alibaba.nacos.client.naming.cache.ServiceInfoHolder do shutdown begin
2025-07-30T13:26:23.293+08:00  INFO 20424 --- [SpringApplicationShutdownHook] com.alibaba.nacos.client.naming          : com.alibaba.nacos.client.naming.backups.FailoverReactor do shutdown begin
2025-07-30T13:26:23.294+08:00  INFO 20424 --- [SpringApplicationShutdownHook] com.alibaba.nacos.client.naming          : com.alibaba.nacos.client.naming.backups.FailoverReactor do shutdown stop
2025-07-30T13:26:23.294+08:00  INFO 20424 --- [SpringApplicationShutdownHook] com.alibaba.nacos.client.naming          : com.alibaba.nacos.client.naming.cache.ServiceInfoHolder do shutdown stop
2025-07-30T13:26:23.294+08:00  INFO 20424 --- [SpringApplicationShutdownHook] com.alibaba.nacos.client.naming          : com.alibaba.nacos.client.naming.remote.NamingClientProxyDelegate do shutdown begin
2025-07-30T13:26:23.295+08:00  INFO 20424 --- [SpringApplicationShutdownHook] com.alibaba.nacos.client.naming          : com.alibaba.nacos.client.naming.core.ServiceInfoUpdateService do shutdown begin
2025-07-30T13:26:23.295+08:00  INFO 20424 --- [SpringApplicationShutdownHook] com.alibaba.nacos.client.naming          : com.alibaba.nacos.client.naming.core.ServiceInfoUpdateService do shutdown stop
2025-07-30T13:26:23.295+08:00  INFO 20424 --- [SpringApplicationShutdownHook] com.alibaba.nacos.client.naming          : com.alibaba.nacos.client.naming.core.ServerListManager do shutdown begin
2025-07-30T13:26:23.295+08:00  WARN 20424 --- [SpringApplicationShutdownHook] com.alibaba.nacos.client.naming          : [NamingHttpClientManager] Start destroying NacosRestTemplate
2025-07-30T13:26:23.295+08:00  WARN 20424 --- [SpringApplicationShutdownHook] com.alibaba.nacos.client.naming          : [NamingHttpClientManager] Destruction of the end
2025-07-30T13:26:23.295+08:00  INFO 20424 --- [SpringApplicationShutdownHook] com.alibaba.nacos.client.naming          : com.alibaba.nacos.client.naming.core.ServerListManager do shutdown stop
2025-07-30T13:26:23.295+08:00  INFO 20424 --- [SpringApplicationShutdownHook] com.alibaba.nacos.client.naming          : com.alibaba.nacos.client.naming.remote.http.NamingHttpClientProxy do shutdown begin
2025-07-30T13:26:23.295+08:00  WARN 20424 --- [SpringApplicationShutdownHook] com.alibaba.nacos.client.naming          : [NamingHttpClientManager] Start destroying NacosRestTemplate
2025-07-30T13:26:23.295+08:00  WARN 20424 --- [SpringApplicationShutdownHook] com.alibaba.nacos.client.naming          : [NamingHttpClientManager] Destruction of the end
2025-07-30T13:26:23.296+08:00  INFO 20424 --- [SpringApplicationShutdownHook] com.alibaba.nacos.client.naming          : com.alibaba.nacos.client.naming.remote.http.NamingHttpClientProxy do shutdown stop
2025-07-30T13:26:23.296+08:00  INFO 20424 --- [SpringApplicationShutdownHook] com.alibaba.nacos.common.remote.client   : Shutdown rpc client, set status to shutdown
2025-07-30T13:26:23.296+08:00  INFO 20424 --- [SpringApplicationShutdownHook] com.alibaba.nacos.common.remote.client   : Shutdown client event executor java.util.concurrent.ScheduledThreadPoolExecutor@231e1ed4[Running, pool size = 2, active threads = 2, queued tasks = 0, completed tasks = 0]
2025-07-30T13:26:23.296+08:00  INFO 20424 --- [SpringApplicationShutdownHook] com.alibaba.nacos.common.remote.client   : Close current connection 1753849548438_223.104.72.155_1959
2025-07-30T13:26:23.304+08:00  WARN 20424 --- [nacos-grpc-client-executor-117.72.211.70-728] c.a.n.c.remote.client.grpc.GrpcClient    : [1753849548438_223.104.72.155_1959]Ignore error event,isRunning:false,isAbandon=false
2025-07-30T13:26:23.308+08:00  INFO 20424 --- [SpringApplicationShutdownHook] c.a.n.c.remote.client.grpc.GrpcClient    : Shutdown grpc executor java.util.concurrent.ThreadPoolExecutor@3dfdd586[Running, pool size = 5, active threads = 0, queued tasks = 0, completed tasks = 729]
2025-07-30T13:26:23.308+08:00  INFO 20424 --- [SpringApplicationShutdownHook] com.alibaba.nacos.client.naming          : Shutdown grpc redo service executor java.util.concurrent.ScheduledThreadPoolExecutor@58000e04[Running, pool size = 1, active threads = 0, queued tasks = 1, completed tasks = 1208]
2025-07-30T13:26:23.310+08:00  INFO 20424 --- [SpringApplicationShutdownHook] c.a.n.c.a.r.identify.CredentialWatcher   : [null] CredentialWatcher is stopped
2025-07-30T13:26:23.310+08:00  INFO 20424 --- [SpringApplicationShutdownHook] c.a.n.c.a.r.identify.CredentialService   : [null] CredentialService is freed
2025-07-30T13:26:23.310+08:00  INFO 20424 --- [SpringApplicationShutdownHook] com.alibaba.nacos.client.naming          : com.alibaba.nacos.client.naming.remote.NamingClientProxyDelegate do shutdown stop
