2025-07-30T00:06:19.462+08:00  WARN 16940 --- [main] c.a.nacos.client.logging.NacosLogging    : Load Logback Configuration of Nacos fail, message: Could not initialize Logback Nacos logging from classpath:nacos-logback.xml
2025-07-30T00:06:19.517+08:00  WARN 16940 --- [main] c.a.nacos.client.logging.NacosLogging    : Load Logback Configuration of Nacos fail, message: Could not initialize Logback Nacos logging from classpath:nacos-logback.xml
2025-07-30T00:06:19.525+08:00  INFO 16940 --- [main] s.cloud.user.UserServiceApplication      : Starting UserServiceApplication using Java 17 with PID 16940 (D:\Java\spring-cloud\spring-cloud\user-info\user-info-service\target\classes started by 姚东名 in D:\Java\spring-cloud\spring-cloud)
2025-07-30T00:06:19.527+08:00  INFO 16940 --- [main] s.cloud.user.UserServiceApplication      : No active profile set, falling back to 1 default profile: "default"
2025-07-30T00:06:20.076+08:00  INFO 16940 --- [main] o.s.cloud.context.scope.GenericScope     : BeanFactory id=306e67ce-e6ef-3735-a5d7-d4d07d96d5f3
2025-07-30T00:06:20.350+08:00  INFO 16940 --- [main] o.s.b.w.embedded.tomcat.TomcatWebServer  : Tomcat initialized with port(s): 8080 (http)
2025-07-30T00:06:20.351+08:00  INFO 16940 --- [main] o.a.catalina.core.AprLifecycleListener   : Loaded Apache Tomcat Native library [2.0.8] using APR version [1.7.4].
2025-07-30T00:06:20.354+08:00  INFO 16940 --- [main] o.a.catalina.core.AprLifecycleListener   : OpenSSL successfully initialized [OpenSSL 3.0.14 4 Jun 2024]
2025-07-30T00:06:20.361+08:00  INFO 16940 --- [main] o.apache.catalina.core.StandardService   : Starting service [Tomcat]
2025-07-30T00:06:20.362+08:00  INFO 16940 --- [main] o.apache.catalina.core.StandardEngine    : Starting Servlet engine: [Apache Tomcat/10.1.16]
2025-07-30T00:06:20.426+08:00  INFO 16940 --- [main] o.a.c.c.C.[Tomcat].[localhost].[/]       : Initializing Spring embedded WebApplicationContext
2025-07-30T00:06:20.426+08:00  INFO 16940 --- [main] w.s.c.ServletWebServerApplicationContext : Root WebApplicationContext: initialization completed in 867 ms
2025-07-30T00:06:20.704+08:00  INFO 16940 --- [main] o.s.c.openfeign.FeignClientFactoryBean   : For 'blog-service' URL not provided. Will try picking an instance via load-balancing.
2025-07-30T00:06:21.111+08:00  WARN 16940 --- [main] iguration$LoadBalancerCaffeineWarnLogger : Spring Cloud LoadBalancer is currently working with the default cache. While this cache implementation is useful for development and tests, it's recommended to use Caffeine cache in production.You can switch to using Caffeine cache, by adding it and org.springframework.cache.caffeine.CaffeineCacheManager to the classpath.
2025-07-30T00:06:21.161+08:00  INFO 16940 --- [main] o.s.b.w.embedded.tomcat.TomcatWebServer  : Tomcat started on port(s): 8080 (http) with context path ''
2025-07-30T00:06:21.166+08:00  WARN 16940 --- [main] c.a.nacos.client.logging.NacosLogging    : Load Logback Configuration of Nacos fail, message: Could not initialize Logback Nacos logging from classpath:nacos-logback.xml
2025-07-30T00:06:21.167+08:00  INFO 16940 --- [main] com.alibaba.nacos.client.naming          : initializer namespace from ans.namespace attribute : null
2025-07-30T00:06:21.167+08:00  INFO 16940 --- [main] com.alibaba.nacos.client.naming          : initializer namespace from ALIBABA_ALIWARE_NAMESPACE attribute :null
2025-07-30T00:06:21.167+08:00  INFO 16940 --- [main] com.alibaba.nacos.client.naming          : initializer namespace from namespace attribute :null
2025-07-30T00:06:21.186+08:00  INFO 16940 --- [main] c.alibaba.nacos.client.utils.ParamUtil   : [settings] [req-serv] nacos-server port:8848
2025-07-30T00:06:21.186+08:00  INFO 16940 --- [main] c.alibaba.nacos.client.utils.ParamUtil   : [settings] [http-client] connect timeout:1000
2025-07-30T00:06:21.187+08:00  INFO 16940 --- [main] c.alibaba.nacos.client.utils.ParamUtil   : PER_TASK_CONFIG_SIZE: 3000.0
2025-07-30T00:06:21.190+08:00  INFO 16940 --- [main] c.a.n.p.a.s.c.ClientAuthPluginManager    : [ClientAuthPluginManager] Load ClientAuthService com.alibaba.nacos.client.auth.impl.NacosClientAuthServiceImpl success.
2025-07-30T00:06:21.190+08:00  INFO 16940 --- [main] c.a.n.p.a.s.c.ClientAuthPluginManager    : [ClientAuthPluginManager] Load ClientAuthService com.alibaba.nacos.client.auth.ram.RamClientAuthServiceImpl success.
2025-07-30T00:06:21.193+08:00  INFO 16940 --- [main] c.a.n.c.a.r.identify.CredentialWatcher   : null No credential found
2025-07-30T00:06:21.200+08:00  INFO 16940 --- [main] com.alibaba.nacos.common.remote.client   : [RpcClientFactory] create a new rpc client of 49e98ca2-f68e-4ba7-bbf5-99cd88d0bfee
2025-07-30T00:06:21.213+08:00  INFO 16940 --- [main] com.alibaba.nacos.common.remote.client   : [49e98ca2-f68e-4ba7-bbf5-99cd88d0bfee] RpcClient init, ServerListFactory = com.alibaba.nacos.client.naming.core.ServerListManager
2025-07-30T00:06:21.214+08:00  INFO 16940 --- [main] com.alibaba.nacos.common.remote.client   : [49e98ca2-f68e-4ba7-bbf5-99cd88d0bfee] Registry connection listener to current client:com.alibaba.nacos.client.naming.remote.gprc.redo.NamingGrpcRedoService
2025-07-30T00:06:21.214+08:00  INFO 16940 --- [main] com.alibaba.nacos.common.remote.client   : [49e98ca2-f68e-4ba7-bbf5-99cd88d0bfee] Register server push request handler:com.alibaba.nacos.client.naming.remote.gprc.NamingPushRequestHandler
2025-07-30T00:06:21.215+08:00  INFO 16940 --- [main] com.alibaba.nacos.common.remote.client   : [49e98ca2-f68e-4ba7-bbf5-99cd88d0bfee] Try to connect to server on start up, server: {serverIp = '117.72.211.70', server main port = 8848}
2025-07-30T00:06:21.236+08:00  INFO 16940 --- [main] c.a.n.c.remote.client.grpc.GrpcClient    : grpc client connection server:117.72.211.70 ip,serverPort:9848,grpcTslConfig:{"sslProvider":"OPENSSL","enableTls":false,"mutualAuthEnable":false,"trustAll":false}
2025-07-30T00:06:22.205+08:00  INFO 16940 --- [main] com.alibaba.nacos.common.remote.client   : [49e98ca2-f68e-4ba7-bbf5-99cd88d0bfee] Success to connect to server [117.72.211.70:8848] on start up, connectionId = 1753805181779_223.104.72.155_3247
2025-07-30T00:06:22.207+08:00  INFO 16940 --- [com.alibaba.nacos.client.remote.worker] com.alibaba.nacos.common.remote.client   : [49e98ca2-f68e-4ba7-bbf5-99cd88d0bfee] Notify connected event to listeners.
2025-07-30T00:06:22.207+08:00  INFO 16940 --- [com.alibaba.nacos.client.remote.worker] com.alibaba.nacos.client.naming          : Grpc connection connect
2025-07-30T00:06:22.207+08:00  INFO 16940 --- [main] com.alibaba.nacos.common.remote.client   : [49e98ca2-f68e-4ba7-bbf5-99cd88d0bfee] Register server push request handler:com.alibaba.nacos.common.remote.client.RpcClient$ConnectResetRequestHandler
2025-07-30T00:06:22.208+08:00  INFO 16940 --- [main] com.alibaba.nacos.common.remote.client   : [49e98ca2-f68e-4ba7-bbf5-99cd88d0bfee] Register server push request handler:com.alibaba.nacos.common.remote.client.RpcClient$$Lambda$1064/0x000000080132f0a0
2025-07-30T00:06:22.210+08:00  INFO 16940 --- [main] com.alibaba.nacos.client.naming          : [REGISTER-SERVICE] public registering service user-service with instance Instance{instanceId='null', ip='192.168.183.247', port=8080, weight=1.0, healthy=true, enabled=true, ephemeral=true, clusterName='DEFAULT', serviceName='null', metadata={IPv6=[2409:895a:70b0:84f:fff2:5d21:a191:2a0d], preserved.register.source=SPRING_CLOUD}}
2025-07-30T00:06:22.311+08:00  INFO 16940 --- [main] c.a.c.n.registry.NacosServiceRegistry    : nacos registry, DEFAULT_GROUP user-service 192.168.183.247:8080 register finished
2025-07-30T00:06:22.383+08:00  INFO 16940 --- [main] s.cloud.user.UserServiceApplication      : Started UserServiceApplication in 3.355 seconds (process running for 3.811)
2025-07-30T00:10:48.713+08:00  INFO 16940 --- [http-nio-8080-exec-1] o.a.c.c.C.[Tomcat].[localhost].[/]       : Initializing Spring DispatcherServlet 'dispatcherServlet'
2025-07-30T00:10:48.714+08:00  INFO 16940 --- [http-nio-8080-exec-1] o.s.web.servlet.DispatcherServlet        : Initializing Servlet 'dispatcherServlet'
2025-07-30T00:10:48.717+08:00  INFO 16940 --- [http-nio-8080-exec-1] o.s.web.servlet.DispatcherServlet        : Completed initialization in 2 ms
2025-07-30T00:10:48.785+08:00 ERROR 16940 --- [http-nio-8080-exec-1] s.cloud.user.advice.ExceptionAdvice      : 发生异常, e: {}

org.springframework.http.converter.HttpMessageNotReadableException: Required request body is missing: public spring.cloud.common.pojo.Result<spring.cloud.user.api.pojo.UserLoginResponse> spring.cloud.user.controller.UserController.login(spring.cloud.user.api.pojo.UserInfoRequest)
	at org.springframework.web.servlet.mvc.method.annotation.RequestResponseBodyMethodProcessor.readWithMessageConverters(RequestResponseBodyMethodProcessor.java:166) ~[spring-webmvc-6.0.14.jar:6.0.14]
	at org.springframework.web.servlet.mvc.method.annotation.RequestResponseBodyMethodProcessor.resolveArgument(RequestResponseBodyMethodProcessor.java:136) ~[spring-webmvc-6.0.14.jar:6.0.14]
	at org.springframework.web.method.support.HandlerMethodArgumentResolverComposite.resolveArgument(HandlerMethodArgumentResolverComposite.java:122) ~[spring-web-6.0.14.jar:6.0.14]
	at org.springframework.web.method.support.InvocableHandlerMethod.getMethodArgumentValues(InvocableHandlerMethod.java:179) ~[spring-web-6.0.14.jar:6.0.14]
	at org.springframework.web.method.support.InvocableHandlerMethod.invokeForRequest(InvocableHandlerMethod.java:146) ~[spring-web-6.0.14.jar:6.0.14]
	at org.springframework.web.servlet.mvc.method.annotation.ServletInvocableHandlerMethod.invokeAndHandle(ServletInvocableHandlerMethod.java:118) ~[spring-webmvc-6.0.14.jar:6.0.14]
	at org.springframework.web.servlet.mvc.method.annotation.RequestMappingHandlerAdapter.invokeHandlerMethod(RequestMappingHandlerAdapter.java:884) ~[spring-webmvc-6.0.14.jar:6.0.14]
	at org.springframework.web.servlet.mvc.method.annotation.RequestMappingHandlerAdapter.handleInternal(RequestMappingHandlerAdapter.java:797) ~[spring-webmvc-6.0.14.jar:6.0.14]
	at org.springframework.web.servlet.mvc.method.AbstractHandlerMethodAdapter.handle(AbstractHandlerMethodAdapter.java:87) ~[spring-webmvc-6.0.14.jar:6.0.14]
	at org.springframework.web.servlet.DispatcherServlet.doDispatch(DispatcherServlet.java:1081) ~[spring-webmvc-6.0.14.jar:6.0.14]
	at org.springframework.web.servlet.DispatcherServlet.doService(DispatcherServlet.java:974) ~[spring-webmvc-6.0.14.jar:6.0.14]
	at org.springframework.web.servlet.FrameworkServlet.processRequest(FrameworkServlet.java:1014) ~[spring-webmvc-6.0.14.jar:6.0.14]
	at org.springframework.web.servlet.FrameworkServlet.doGet(FrameworkServlet.java:903) ~[spring-webmvc-6.0.14.jar:6.0.14]
	at jakarta.servlet.http.HttpServlet.service(HttpServlet.java:564) ~[tomcat-embed-core-10.1.16.jar:6.0]
	at org.springframework.web.servlet.FrameworkServlet.service(FrameworkServlet.java:885) ~[spring-webmvc-6.0.14.jar:6.0.14]
	at jakarta.servlet.http.HttpServlet.service(HttpServlet.java:658) ~[tomcat-embed-core-10.1.16.jar:6.0]
	at org.apache.catalina.core.ApplicationFilterChain.internalDoFilter(ApplicationFilterChain.java:205) ~[tomcat-embed-core-10.1.16.jar:10.1.16]
	at org.apache.catalina.core.ApplicationFilterChain.doFilter(ApplicationFilterChain.java:149) ~[tomcat-embed-core-10.1.16.jar:10.1.16]
	at org.apache.tomcat.websocket.server.WsFilter.doFilter(WsFilter.java:51) ~[tomcat-embed-websocket-10.1.16.jar:10.1.16]
	at org.apache.catalina.core.ApplicationFilterChain.internalDoFilter(ApplicationFilterChain.java:174) ~[tomcat-embed-core-10.1.16.jar:10.1.16]
	at org.apache.catalina.core.ApplicationFilterChain.doFilter(ApplicationFilterChain.java:149) ~[tomcat-embed-core-10.1.16.jar:10.1.16]
	at org.springframework.web.filter.RequestContextFilter.doFilterInternal(RequestContextFilter.java:100) ~[spring-web-6.0.14.jar:6.0.14]
	at org.springframework.web.filter.OncePerRequestFilter.doFilter(OncePerRequestFilter.java:116) ~[spring-web-6.0.14.jar:6.0.14]
	at org.apache.catalina.core.ApplicationFilterChain.internalDoFilter(ApplicationFilterChain.java:174) ~[tomcat-embed-core-10.1.16.jar:10.1.16]
	at org.apache.catalina.core.ApplicationFilterChain.doFilter(ApplicationFilterChain.java:149) ~[tomcat-embed-core-10.1.16.jar:10.1.16]
	at org.springframework.web.filter.FormContentFilter.doFilterInternal(FormContentFilter.java:93) ~[spring-web-6.0.14.jar:6.0.14]
	at org.springframework.web.filter.OncePerRequestFilter.doFilter(OncePerRequestFilter.java:116) ~[spring-web-6.0.14.jar:6.0.14]
	at org.apache.catalina.core.ApplicationFilterChain.internalDoFilter(ApplicationFilterChain.java:174) ~[tomcat-embed-core-10.1.16.jar:10.1.16]
	at org.apache.catalina.core.ApplicationFilterChain.doFilter(ApplicationFilterChain.java:149) ~[tomcat-embed-core-10.1.16.jar:10.1.16]
	at org.springframework.web.filter.CharacterEncodingFilter.doFilterInternal(CharacterEncodingFilter.java:201) ~[spring-web-6.0.14.jar:6.0.14]
	at org.springframework.web.filter.OncePerRequestFilter.doFilter(OncePerRequestFilter.java:116) ~[spring-web-6.0.14.jar:6.0.14]
	at org.apache.catalina.core.ApplicationFilterChain.internalDoFilter(ApplicationFilterChain.java:174) ~[tomcat-embed-core-10.1.16.jar:10.1.16]
	at org.apache.catalina.core.ApplicationFilterChain.doFilter(ApplicationFilterChain.java:149) ~[tomcat-embed-core-10.1.16.jar:10.1.16]
	at org.apache.catalina.core.StandardWrapperValve.invoke(StandardWrapperValve.java:167) ~[tomcat-embed-core-10.1.16.jar:10.1.16]
	at org.apache.catalina.core.StandardContextValve.invoke(StandardContextValve.java:90) ~[tomcat-embed-core-10.1.16.jar:10.1.16]
	at org.apache.catalina.authenticator.AuthenticatorBase.invoke(AuthenticatorBase.java:482) ~[tomcat-embed-core-10.1.16.jar:10.1.16]
	at org.apache.catalina.core.StandardHostValve.invoke(StandardHostValve.java:115) ~[tomcat-embed-core-10.1.16.jar:10.1.16]
	at org.apache.catalina.valves.ErrorReportValve.invoke(ErrorReportValve.java:93) ~[tomcat-embed-core-10.1.16.jar:10.1.16]
	at org.apache.catalina.core.StandardEngineValve.invoke(StandardEngineValve.java:74) ~[tomcat-embed-core-10.1.16.jar:10.1.16]
	at org.apache.catalina.connector.CoyoteAdapter.service(CoyoteAdapter.java:340) ~[tomcat-embed-core-10.1.16.jar:10.1.16]
	at org.apache.coyote.http11.Http11Processor.service(Http11Processor.java:391) ~[tomcat-embed-core-10.1.16.jar:10.1.16]
	at org.apache.coyote.AbstractProcessorLight.process(AbstractProcessorLight.java:63) ~[tomcat-embed-core-10.1.16.jar:10.1.16]
	at org.apache.coyote.AbstractProtocol$ConnectionHandler.process(AbstractProtocol.java:896) ~[tomcat-embed-core-10.1.16.jar:10.1.16]
	at org.apache.tomcat.util.net.NioEndpoint$SocketProcessor.doRun(NioEndpoint.java:1744) ~[tomcat-embed-core-10.1.16.jar:10.1.16]
	at org.apache.tomcat.util.net.SocketProcessorBase.run(SocketProcessorBase.java:52) ~[tomcat-embed-core-10.1.16.jar:10.1.16]
	at org.apache.tomcat.util.threads.ThreadPoolExecutor.runWorker(ThreadPoolExecutor.java:1191) ~[tomcat-embed-core-10.1.16.jar:10.1.16]
	at org.apache.tomcat.util.threads.ThreadPoolExecutor$Worker.run(ThreadPoolExecutor.java:659) ~[tomcat-embed-core-10.1.16.jar:10.1.16]
	at org.apache.tomcat.util.threads.TaskThread$WrappingRunnable.run(TaskThread.java:61) ~[tomcat-embed-core-10.1.16.jar:10.1.16]
	at java.base/java.lang.Thread.run(Thread.java:833) ~[na:na]

2025-07-30T00:11:30.648+08:00  INFO 16940 --- [http-nio-8080-exec-2] com.alibaba.nacos.client.naming          : [SUBSCRIBE-SERVICE] service:blog-service, group:DEFAULT_GROUP, clusters: 
2025-07-30T00:11:30.735+08:00  INFO 16940 --- [http-nio-8080-exec-2] com.alibaba.nacos.client.naming          : init new ips(1) service: DEFAULT_GROUP@@blog-service -> [{"ip":"192.168.183.247","port":9090,"weight":1.0,"healthy":true,"enabled":true,"ephemeral":true,"clusterName":"DEFAULT","serviceName":"DEFAULT_GROUP@@blog-service","metadata":{"preserved.register.source":"SPRING_CLOUD","IPv6":"[2409:895a:70b0:84f:fff2:5d21:a191:2a0d]"},"ipDeleteTimeout":30000,"instanceHeartBeatTimeOut":15000,"instanceHeartBeatInterval":5000}]
2025-07-30T00:11:30.755+08:00  INFO 16940 --- [http-nio-8080-exec-2] com.alibaba.nacos.client.naming          : current ips:(1) service: DEFAULT_GROUP@@blog-service -> [{"ip":"192.168.183.247","port":9090,"weight":1.0,"healthy":true,"enabled":true,"ephemeral":true,"clusterName":"DEFAULT","serviceName":"DEFAULT_GROUP@@blog-service","metadata":{"preserved.register.source":"SPRING_CLOUD","IPv6":"[2409:895a:70b0:84f:fff2:5d21:a191:2a0d]"},"ipDeleteTimeout":30000,"instanceHeartBeatTimeOut":15000,"instanceHeartBeatInterval":5000}]
2025-07-30T00:11:31.277+08:00  INFO 16940 --- [nacos-grpc-client-executor-117.72.211.70-76] com.alibaba.nacos.common.remote.client   : [49e98ca2-f68e-4ba7-bbf5-99cd88d0bfee] Receive server push request, request = NotifySubscriberRequest, requestId = 37056
2025-07-30T00:11:31.278+08:00  INFO 16940 --- [nacos-grpc-client-executor-117.72.211.70-76] com.alibaba.nacos.common.remote.client   : [49e98ca2-f68e-4ba7-bbf5-99cd88d0bfee] Ack server push request, request = NotifySubscriberRequest, requestId = 37056
2025-07-30T00:11:31.816+08:00  INFO 16940 --- [http-nio-8080-exec-2] com.zaxxer.hikari.HikariDataSource       : HikariPool-1 - Starting...
2025-07-30T00:11:32.072+08:00  INFO 16940 --- [http-nio-8080-exec-2] com.zaxxer.hikari.pool.HikariPool        : HikariPool-1 - Added connection com.mysql.cj.jdbc.ConnectionImpl@234e6b79
2025-07-30T00:11:32.075+08:00  INFO 16940 --- [http-nio-8080-exec-2] com.zaxxer.hikari.HikariDataSource       : HikariPool-1 - Start completed.
2025-07-30T00:28:21.514+08:00  WARN 16940 --- [Thread-7] c.a.n.common.http.HttpClientBeanHolder   : [HttpClientBeanHolder] Start destroying common HttpClient
2025-07-30T00:28:21.515+08:00  WARN 16940 --- [Thread-4] c.a.nacos.common.notify.NotifyCenter     : [NotifyCenter] Start destroying Publisher
2025-07-30T00:28:21.516+08:00  WARN 16940 --- [Thread-4] c.a.nacos.common.notify.NotifyCenter     : [NotifyCenter] Destruction of the end
2025-07-30T00:28:21.517+08:00  WARN 16940 --- [Thread-7] c.a.n.common.http.HttpClientBeanHolder   : [HttpClientBeanHolder] Destruction of the end
2025-07-30T00:28:21.541+08:00  INFO 16940 --- [SpringApplicationShutdownHook] c.a.c.n.registry.NacosServiceRegistry    : De-registering from Nacos Server now...
2025-07-30T00:28:21.541+08:00  INFO 16940 --- [SpringApplicationShutdownHook] com.alibaba.nacos.client.naming          : [DEREGISTER-SERVICE] public deregistering service user-service with instance: Instance{instanceId='null', ip='192.168.183.247', port=8080, weight=1.0, healthy=true, enabled=true, ephemeral=true, clusterName='DEFAULT', serviceName='null', metadata={}}
2025-07-30T00:28:21.607+08:00  INFO 16940 --- [SpringApplicationShutdownHook] c.a.c.n.registry.NacosServiceRegistry    : De-registration finished.
2025-07-30T00:28:21.608+08:00  INFO 16940 --- [SpringApplicationShutdownHook] com.alibaba.nacos.client.naming          : com.alibaba.nacos.client.naming.cache.ServiceInfoHolder do shutdown begin
2025-07-30T00:28:21.608+08:00  INFO 16940 --- [SpringApplicationShutdownHook] com.alibaba.nacos.client.naming          : com.alibaba.nacos.client.naming.backups.FailoverReactor do shutdown begin
2025-07-30T00:28:21.608+08:00  INFO 16940 --- [SpringApplicationShutdownHook] com.alibaba.nacos.client.naming          : com.alibaba.nacos.client.naming.backups.FailoverReactor do shutdown stop
2025-07-30T00:28:21.608+08:00  INFO 16940 --- [SpringApplicationShutdownHook] com.alibaba.nacos.client.naming          : com.alibaba.nacos.client.naming.cache.ServiceInfoHolder do shutdown stop
2025-07-30T00:28:21.608+08:00  INFO 16940 --- [SpringApplicationShutdownHook] com.alibaba.nacos.client.naming          : com.alibaba.nacos.client.naming.remote.NamingClientProxyDelegate do shutdown begin
2025-07-30T00:28:21.608+08:00  INFO 16940 --- [SpringApplicationShutdownHook] com.alibaba.nacos.client.naming          : com.alibaba.nacos.client.naming.core.ServiceInfoUpdateService do shutdown begin
2025-07-30T00:28:21.608+08:00  INFO 16940 --- [SpringApplicationShutdownHook] com.alibaba.nacos.client.naming          : com.alibaba.nacos.client.naming.core.ServiceInfoUpdateService do shutdown stop
2025-07-30T00:28:21.608+08:00  INFO 16940 --- [SpringApplicationShutdownHook] com.alibaba.nacos.client.naming          : com.alibaba.nacos.client.naming.core.ServerListManager do shutdown begin
2025-07-30T00:28:21.608+08:00  WARN 16940 --- [SpringApplicationShutdownHook] com.alibaba.nacos.client.naming          : [NamingHttpClientManager] Start destroying NacosRestTemplate
2025-07-30T00:28:21.608+08:00  WARN 16940 --- [SpringApplicationShutdownHook] com.alibaba.nacos.client.naming          : [NamingHttpClientManager] Destruction of the end
2025-07-30T00:28:21.608+08:00  INFO 16940 --- [SpringApplicationShutdownHook] com.alibaba.nacos.client.naming          : com.alibaba.nacos.client.naming.core.ServerListManager do shutdown stop
2025-07-30T00:28:21.608+08:00  INFO 16940 --- [SpringApplicationShutdownHook] com.alibaba.nacos.client.naming          : com.alibaba.nacos.client.naming.remote.http.NamingHttpClientProxy do shutdown begin
2025-07-30T00:28:21.608+08:00  WARN 16940 --- [SpringApplicationShutdownHook] com.alibaba.nacos.client.naming          : [NamingHttpClientManager] Start destroying NacosRestTemplate
2025-07-30T00:28:21.608+08:00  WARN 16940 --- [SpringApplicationShutdownHook] com.alibaba.nacos.client.naming          : [NamingHttpClientManager] Destruction of the end
2025-07-30T00:28:21.608+08:00  INFO 16940 --- [SpringApplicationShutdownHook] com.alibaba.nacos.client.naming          : com.alibaba.nacos.client.naming.remote.http.NamingHttpClientProxy do shutdown stop
2025-07-30T00:28:21.608+08:00  INFO 16940 --- [SpringApplicationShutdownHook] com.alibaba.nacos.common.remote.client   : Shutdown rpc client, set status to shutdown
2025-07-30T00:28:21.609+08:00  INFO 16940 --- [SpringApplicationShutdownHook] com.alibaba.nacos.common.remote.client   : Shutdown client event executor java.util.concurrent.ScheduledThreadPoolExecutor@19b7a0f0[Running, pool size = 2, active threads = 2, queued tasks = 0, completed tasks = 0]
2025-07-30T00:28:21.609+08:00  INFO 16940 --- [SpringApplicationShutdownHook] com.alibaba.nacos.common.remote.client   : Close current connection 1753805181779_223.104.72.155_3247
2025-07-30T00:28:21.612+08:00  INFO 16940 --- [SpringApplicationShutdownHook] c.a.n.c.remote.client.grpc.GrpcClient    : Shutdown grpc executor java.util.concurrent.ThreadPoolExecutor@79dcb509[Running, pool size = 3, active threads = 0, queued tasks = 0, completed tasks = 276]
2025-07-30T00:28:21.612+08:00  INFO 16940 --- [SpringApplicationShutdownHook] com.alibaba.nacos.client.naming          : Shutdown grpc redo service executor java.util.concurrent.ScheduledThreadPoolExecutor@30bc4a7f[Running, pool size = 1, active threads = 0, queued tasks = 1, completed tasks = 438]
2025-07-30T00:28:21.612+08:00  INFO 16940 --- [SpringApplicationShutdownHook] c.a.n.c.a.r.identify.CredentialWatcher   : [null] CredentialWatcher is stopped
2025-07-30T00:28:21.612+08:00  INFO 16940 --- [SpringApplicationShutdownHook] c.a.n.c.a.r.identify.CredentialService   : [null] CredentialService is freed
2025-07-30T00:28:21.612+08:00  INFO 16940 --- [SpringApplicationShutdownHook] com.alibaba.nacos.client.naming          : com.alibaba.nacos.client.naming.remote.NamingClientProxyDelegate do shutdown stop
2025-07-30T00:28:21.614+08:00  INFO 16940 --- [SpringApplicationShutdownHook] com.zaxxer.hikari.HikariDataSource       : HikariPool-1 - Shutdown initiated...
2025-07-30T00:28:21.622+08:00  INFO 16940 --- [SpringApplicationShutdownHook] com.zaxxer.hikari.HikariDataSource       : HikariPool-1 - Shutdown completed.
2025-07-30T12:25:45.964+08:00  WARN 14968 --- [main] c.a.nacos.client.logging.NacosLogging    : Load Logback Configuration of Nacos fail, message: Could not initialize Logback Nacos logging from classpath:nacos-logback.xml
2025-07-30T12:25:46.018+08:00  WARN 14968 --- [main] c.a.nacos.client.logging.NacosLogging    : Load Logback Configuration of Nacos fail, message: Could not initialize Logback Nacos logging from classpath:nacos-logback.xml
2025-07-30T12:25:46.030+08:00  INFO 14968 --- [main] s.cloud.user.UserServiceApplication      : Starting UserServiceApplication using Java 17 with PID 14968 (D:\Java\spring-cloud\spring-cloud\user-info\user-info-service\target\classes started by 姚东名 in D:\Java\spring-cloud\spring-cloud)
2025-07-30T12:25:46.031+08:00  INFO 14968 --- [main] s.cloud.user.UserServiceApplication      : No active profile set, falling back to 1 default profile: "default"
2025-07-30T12:25:46.638+08:00  INFO 14968 --- [main] o.s.cloud.context.scope.GenericScope     : BeanFactory id=306e67ce-e6ef-3735-a5d7-d4d07d96d5f3
2025-07-30T12:25:46.947+08:00  INFO 14968 --- [main] o.s.b.w.embedded.tomcat.TomcatWebServer  : Tomcat initialized with port(s): 8080 (http)
2025-07-30T12:25:46.949+08:00  INFO 14968 --- [main] o.a.catalina.core.AprLifecycleListener   : Loaded Apache Tomcat Native library [2.0.8] using APR version [1.7.4].
2025-07-30T12:25:46.953+08:00  INFO 14968 --- [main] o.a.catalina.core.AprLifecycleListener   : OpenSSL successfully initialized [OpenSSL 3.0.14 4 Jun 2024]
2025-07-30T12:25:46.959+08:00  INFO 14968 --- [main] o.apache.catalina.core.StandardService   : Starting service [Tomcat]
2025-07-30T12:25:46.960+08:00  INFO 14968 --- [main] o.apache.catalina.core.StandardEngine    : Starting Servlet engine: [Apache Tomcat/10.1.16]
2025-07-30T12:25:47.032+08:00  INFO 14968 --- [main] o.a.c.c.C.[Tomcat].[localhost].[/]       : Initializing Spring embedded WebApplicationContext
2025-07-30T12:25:47.032+08:00  INFO 14968 --- [main] w.s.c.ServletWebServerApplicationContext : Root WebApplicationContext: initialization completed in 963 ms
2025-07-30T12:25:47.375+08:00  INFO 14968 --- [main] o.s.c.openfeign.FeignClientFactoryBean   : For 'blog-service' URL not provided. Will try picking an instance via load-balancing.
2025-07-30T12:25:47.815+08:00  WARN 14968 --- [main] iguration$LoadBalancerCaffeineWarnLogger : Spring Cloud LoadBalancer is currently working with the default cache. While this cache implementation is useful for development and tests, it's recommended to use Caffeine cache in production.You can switch to using Caffeine cache, by adding it and org.springframework.cache.caffeine.CaffeineCacheManager to the classpath.
2025-07-30T12:25:47.864+08:00  INFO 14968 --- [main] o.s.b.w.embedded.tomcat.TomcatWebServer  : Tomcat started on port(s): 8080 (http) with context path ''
2025-07-30T12:25:47.868+08:00  WARN 14968 --- [main] c.a.nacos.client.logging.NacosLogging    : Load Logback Configuration of Nacos fail, message: Could not initialize Logback Nacos logging from classpath:nacos-logback.xml
2025-07-30T12:25:47.869+08:00  INFO 14968 --- [main] com.alibaba.nacos.client.naming          : initializer namespace from ans.namespace attribute : null
2025-07-30T12:25:47.870+08:00  INFO 14968 --- [main] com.alibaba.nacos.client.naming          : initializer namespace from ALIBABA_ALIWARE_NAMESPACE attribute :null
2025-07-30T12:25:47.870+08:00  INFO 14968 --- [main] com.alibaba.nacos.client.naming          : initializer namespace from namespace attribute :null
2025-07-30T12:25:47.889+08:00  INFO 14968 --- [main] c.alibaba.nacos.client.utils.ParamUtil   : [settings] [req-serv] nacos-server port:8848
2025-07-30T12:25:47.889+08:00  INFO 14968 --- [main] c.alibaba.nacos.client.utils.ParamUtil   : [settings] [http-client] connect timeout:1000
2025-07-30T12:25:47.890+08:00  INFO 14968 --- [main] c.alibaba.nacos.client.utils.ParamUtil   : PER_TASK_CONFIG_SIZE: 3000.0
2025-07-30T12:25:47.894+08:00  INFO 14968 --- [main] c.a.n.p.a.s.c.ClientAuthPluginManager    : [ClientAuthPluginManager] Load ClientAuthService com.alibaba.nacos.client.auth.impl.NacosClientAuthServiceImpl success.
2025-07-30T12:25:47.894+08:00  INFO 14968 --- [main] c.a.n.p.a.s.c.ClientAuthPluginManager    : [ClientAuthPluginManager] Load ClientAuthService com.alibaba.nacos.client.auth.ram.RamClientAuthServiceImpl success.
2025-07-30T12:25:47.896+08:00  INFO 14968 --- [main] c.a.n.c.a.r.identify.CredentialWatcher   : null No credential found
2025-07-30T12:25:47.904+08:00  INFO 14968 --- [main] com.alibaba.nacos.common.remote.client   : [RpcClientFactory] create a new rpc client of e9493d0a-9591-4f4c-ab71-fb8d1d971648
2025-07-30T12:25:47.921+08:00  INFO 14968 --- [main] com.alibaba.nacos.common.remote.client   : [e9493d0a-9591-4f4c-ab71-fb8d1d971648] RpcClient init, ServerListFactory = com.alibaba.nacos.client.naming.core.ServerListManager
2025-07-30T12:25:47.921+08:00  INFO 14968 --- [main] com.alibaba.nacos.common.remote.client   : [e9493d0a-9591-4f4c-ab71-fb8d1d971648] Registry connection listener to current client:com.alibaba.nacos.client.naming.remote.gprc.redo.NamingGrpcRedoService
2025-07-30T12:25:47.922+08:00  INFO 14968 --- [main] com.alibaba.nacos.common.remote.client   : [e9493d0a-9591-4f4c-ab71-fb8d1d971648] Register server push request handler:com.alibaba.nacos.client.naming.remote.gprc.NamingPushRequestHandler
2025-07-30T12:25:47.923+08:00  INFO 14968 --- [main] com.alibaba.nacos.common.remote.client   : [e9493d0a-9591-4f4c-ab71-fb8d1d971648] Try to connect to server on start up, server: {serverIp = '117.72.211.70', server main port = 8848}
2025-07-30T12:25:47.946+08:00  INFO 14968 --- [main] c.a.n.c.remote.client.grpc.GrpcClient    : grpc client connection server:117.72.211.70 ip,serverPort:9848,grpcTslConfig:{"sslProvider":"OPENSSL","enableTls":false,"mutualAuthEnable":false,"trustAll":false}
2025-07-30T12:25:49.175+08:00  INFO 14968 --- [main] com.alibaba.nacos.common.remote.client   : [e9493d0a-9591-4f4c-ab71-fb8d1d971648] Success to connect to server [117.72.211.70:8848] on start up, connectionId = 1753849548201_223.104.72.155_2193
2025-07-30T12:25:49.176+08:00  INFO 14968 --- [com.alibaba.nacos.client.remote.worker] com.alibaba.nacos.common.remote.client   : [e9493d0a-9591-4f4c-ab71-fb8d1d971648] Notify connected event to listeners.
2025-07-30T12:25:49.176+08:00  INFO 14968 --- [com.alibaba.nacos.client.remote.worker] com.alibaba.nacos.client.naming          : Grpc connection connect
2025-07-30T12:25:49.176+08:00  INFO 14968 --- [main] com.alibaba.nacos.common.remote.client   : [e9493d0a-9591-4f4c-ab71-fb8d1d971648] Register server push request handler:com.alibaba.nacos.common.remote.client.RpcClient$ConnectResetRequestHandler
2025-07-30T12:25:49.176+08:00  INFO 14968 --- [main] com.alibaba.nacos.common.remote.client   : [e9493d0a-9591-4f4c-ab71-fb8d1d971648] Register server push request handler:com.alibaba.nacos.common.remote.client.RpcClient$$Lambda$1063/0x0000000801332718
2025-07-30T12:25:49.177+08:00  INFO 14968 --- [main] com.alibaba.nacos.client.naming          : [REGISTER-SERVICE] public registering service user-service with instance Instance{instanceId='null', ip='192.168.183.247', port=8080, weight=1.0, healthy=true, enabled=true, ephemeral=true, clusterName='DEFAULT', serviceName='null', metadata={IPv6=[2409:895a:70b0:84f:fff2:5d21:a191:2a0d], preserved.register.source=SPRING_CLOUD}}
2025-07-30T12:25:49.285+08:00  INFO 14968 --- [main] c.a.c.n.registry.NacosServiceRegistry    : nacos registry, DEFAULT_GROUP user-service 192.168.183.247:8080 register finished
2025-07-30T12:25:49.358+08:00  INFO 14968 --- [main] s.cloud.user.UserServiceApplication      : Started UserServiceApplication in 3.865 seconds (process running for 4.441)
2025-07-30T12:25:59.575+08:00  INFO 14968 --- [http-nio-8080-exec-1] o.a.c.c.C.[Tomcat].[localhost].[/]       : Initializing Spring DispatcherServlet 'dispatcherServlet'
2025-07-30T12:25:59.575+08:00  INFO 14968 --- [http-nio-8080-exec-1] o.s.web.servlet.DispatcherServlet        : Initializing Servlet 'dispatcherServlet'
2025-07-30T12:25:59.576+08:00  INFO 14968 --- [http-nio-8080-exec-1] o.s.web.servlet.DispatcherServlet        : Completed initialization in 1 ms
2025-07-30T12:25:59.646+08:00  INFO 14968 --- [http-nio-8080-exec-1] s.cloud.user.controller.UserController   : 用户登录, userName: zhangsan
2025-07-30T12:25:59.716+08:00  INFO 14968 --- [http-nio-8080-exec-1] com.zaxxer.hikari.HikariDataSource       : HikariPool-1 - Starting...
2025-07-30T12:25:59.837+08:00  INFO 14968 --- [http-nio-8080-exec-1] com.zaxxer.hikari.pool.HikariPool        : HikariPool-1 - Added connection com.mysql.cj.jdbc.ConnectionImpl@44d3f035
2025-07-30T12:25:59.838+08:00  INFO 14968 --- [http-nio-8080-exec-1] com.zaxxer.hikari.HikariDataSource       : HikariPool-1 - Start completed.
2025-07-30T13:26:23.276+08:00  WARN 14968 --- [Thread-4] c.a.nacos.common.notify.NotifyCenter     : [NotifyCenter] Start destroying Publisher
2025-07-30T13:26:23.274+08:00  WARN 14968 --- [Thread-7] c.a.n.common.http.HttpClientBeanHolder   : [HttpClientBeanHolder] Start destroying common HttpClient
2025-07-30T13:26:23.278+08:00  WARN 14968 --- [Thread-4] c.a.nacos.common.notify.NotifyCenter     : [NotifyCenter] Destruction of the end
2025-07-30T13:26:23.280+08:00  WARN 14968 --- [Thread-7] c.a.n.common.http.HttpClientBeanHolder   : [HttpClientBeanHolder] Destruction of the end
2025-07-30T13:26:23.344+08:00  INFO 14968 --- [SpringApplicationShutdownHook] c.a.c.n.registry.NacosServiceRegistry    : De-registering from Nacos Server now...
2025-07-30T13:26:23.345+08:00  INFO 14968 --- [SpringApplicationShutdownHook] com.alibaba.nacos.client.naming          : [DEREGISTER-SERVICE] public deregistering service user-service with instance: Instance{instanceId='null', ip='192.168.183.247', port=8080, weight=1.0, healthy=true, enabled=true, ephemeral=true, clusterName='DEFAULT', serviceName='null', metadata={}}
2025-07-30T13:26:23.422+08:00  INFO 14968 --- [SpringApplicationShutdownHook] c.a.c.n.registry.NacosServiceRegistry    : De-registration finished.
2025-07-30T13:26:23.423+08:00  INFO 14968 --- [SpringApplicationShutdownHook] com.alibaba.nacos.client.naming          : com.alibaba.nacos.client.naming.cache.ServiceInfoHolder do shutdown begin
2025-07-30T13:26:23.423+08:00  INFO 14968 --- [SpringApplicationShutdownHook] com.alibaba.nacos.client.naming          : com.alibaba.nacos.client.naming.backups.FailoverReactor do shutdown begin
2025-07-30T13:26:23.424+08:00  INFO 14968 --- [SpringApplicationShutdownHook] com.alibaba.nacos.client.naming          : com.alibaba.nacos.client.naming.backups.FailoverReactor do shutdown stop
2025-07-30T13:26:23.424+08:00  INFO 14968 --- [SpringApplicationShutdownHook] com.alibaba.nacos.client.naming          : com.alibaba.nacos.client.naming.cache.ServiceInfoHolder do shutdown stop
2025-07-30T13:26:23.424+08:00  INFO 14968 --- [SpringApplicationShutdownHook] com.alibaba.nacos.client.naming          : com.alibaba.nacos.client.naming.remote.NamingClientProxyDelegate do shutdown begin
2025-07-30T13:26:23.424+08:00  INFO 14968 --- [SpringApplicationShutdownHook] com.alibaba.nacos.client.naming          : com.alibaba.nacos.client.naming.core.ServiceInfoUpdateService do shutdown begin
2025-07-30T13:26:23.424+08:00  INFO 14968 --- [SpringApplicationShutdownHook] com.alibaba.nacos.client.naming          : com.alibaba.nacos.client.naming.core.ServiceInfoUpdateService do shutdown stop
2025-07-30T13:26:23.424+08:00  INFO 14968 --- [SpringApplicationShutdownHook] com.alibaba.nacos.client.naming          : com.alibaba.nacos.client.naming.core.ServerListManager do shutdown begin
2025-07-30T13:26:23.424+08:00  WARN 14968 --- [SpringApplicationShutdownHook] com.alibaba.nacos.client.naming          : [NamingHttpClientManager] Start destroying NacosRestTemplate
2025-07-30T13:26:23.424+08:00  WARN 14968 --- [SpringApplicationShutdownHook] com.alibaba.nacos.client.naming          : [NamingHttpClientManager] Destruction of the end
2025-07-30T13:26:23.424+08:00  INFO 14968 --- [SpringApplicationShutdownHook] com.alibaba.nacos.client.naming          : com.alibaba.nacos.client.naming.core.ServerListManager do shutdown stop
2025-07-30T13:26:23.425+08:00  INFO 14968 --- [SpringApplicationShutdownHook] com.alibaba.nacos.client.naming          : com.alibaba.nacos.client.naming.remote.http.NamingHttpClientProxy do shutdown begin
2025-07-30T13:26:23.425+08:00  WARN 14968 --- [SpringApplicationShutdownHook] com.alibaba.nacos.client.naming          : [NamingHttpClientManager] Start destroying NacosRestTemplate
2025-07-30T13:26:23.425+08:00  WARN 14968 --- [SpringApplicationShutdownHook] com.alibaba.nacos.client.naming          : [NamingHttpClientManager] Destruction of the end
2025-07-30T13:26:23.425+08:00  INFO 14968 --- [SpringApplicationShutdownHook] com.alibaba.nacos.client.naming          : com.alibaba.nacos.client.naming.remote.http.NamingHttpClientProxy do shutdown stop
2025-07-30T13:26:23.425+08:00  INFO 14968 --- [SpringApplicationShutdownHook] com.alibaba.nacos.common.remote.client   : Shutdown rpc client, set status to shutdown
2025-07-30T13:26:23.425+08:00  INFO 14968 --- [SpringApplicationShutdownHook] com.alibaba.nacos.common.remote.client   : Shutdown client event executor java.util.concurrent.ScheduledThreadPoolExecutor@4f16a57f[Running, pool size = 2, active threads = 2, queued tasks = 0, completed tasks = 0]
2025-07-30T13:26:23.425+08:00  INFO 14968 --- [SpringApplicationShutdownHook] com.alibaba.nacos.common.remote.client   : Close current connection 1753849548201_223.104.72.155_2193
2025-07-30T13:26:23.435+08:00  WARN 14968 --- [nacos-grpc-client-executor-117.72.211.70-722] c.a.n.c.remote.client.grpc.GrpcClient    : [1753849548201_223.104.72.155_2193]Ignore error event,isRunning:false,isAbandon=false
2025-07-30T13:26:23.439+08:00  INFO 14968 --- [SpringApplicationShutdownHook] c.a.n.c.remote.client.grpc.GrpcClient    : Shutdown grpc executor java.util.concurrent.ThreadPoolExecutor@4373f3a7[Running, pool size = 4, active threads = 0, queued tasks = 0, completed tasks = 723]
2025-07-30T13:26:23.440+08:00  INFO 14968 --- [SpringApplicationShutdownHook] com.alibaba.nacos.client.naming          : Shutdown grpc redo service executor java.util.concurrent.ScheduledThreadPoolExecutor@116277e4[Running, pool size = 1, active threads = 0, queued tasks = 1, completed tasks = 1208]
2025-07-30T13:26:23.441+08:00  INFO 14968 --- [SpringApplicationShutdownHook] c.a.n.c.a.r.identify.CredentialWatcher   : [null] CredentialWatcher is stopped
2025-07-30T13:26:23.441+08:00  INFO 14968 --- [SpringApplicationShutdownHook] c.a.n.c.a.r.identify.CredentialService   : [null] CredentialService is freed
2025-07-30T13:26:23.441+08:00  INFO 14968 --- [SpringApplicationShutdownHook] com.alibaba.nacos.client.naming          : com.alibaba.nacos.client.naming.remote.NamingClientProxyDelegate do shutdown stop
2025-07-30T13:26:23.451+08:00  INFO 14968 --- [SpringApplicationShutdownHook] com.zaxxer.hikari.HikariDataSource       : HikariPool-1 - Shutdown initiated...
2025-07-30T13:26:23.455+08:00  INFO 14968 --- [SpringApplicationShutdownHook] com.zaxxer.hikari.HikariDataSource       : HikariPool-1 - Shutdown completed.
